<?xml version="1.0" encoding="UTF-8"?>
<!-- Generated by org.testng.reporters.JUnitReportReporter -->
<testsuite skipped="0" hostname="DESKTOP-7CMDVD0" name="com.cjc.hard_Assert.MercuryTours" tests="1" failures="0" timestamp="06 Apr 2021 17:29:12 GMT" time="1.910" errors="0">
  <testcase name="Assert_Demo" time="1.910" classname="com.cjc.hard_Assert.MercuryTours"/>
</testsuite> <!-- com.cjc.hard_Assert.MercuryTours -->
