<?xml version="1.0" encoding="UTF-8"?>
<!-- Generated by org.testng.reporters.JUnitReportReporter -->
<testsuite skipped="0" hostname="DESKTOP-7CMDVD0" name="demopractice.demomaven" tests="1" failures="0" timestamp="02 Apr 2021 09:19:23 GMT" time="3.932" errors="0">
  <testcase name="Test" time="3.932" classname="demopractice.demomaven"/>
</testsuite> <!-- demopractice.demomaven -->
